<?xml version="1.0" encoding="UTF-8"?>
<testng-results skipped="0" failed="0" ignored="0" total="1" passed="1">
  <reporter-output>
  </reporter-output>
  <suite name="Default suite" duration-ms="1455" started-at="2019-06-18T07:11:51Z" finished-at="2019-06-18T07:11:53Z">
    <groups>
    </groups>
    <test name="Default test" duration-ms="1455" started-at="2019-06-18T07:11:51Z" finished-at="2019-06-18T07:11:53Z">
      <class name="DataDriven1">
        <test-method status="PASS" signature="datadriven()[pri:0, instance:DataDriven1@18be83e4]" name="datadriven" duration-ms="1424" started-at="2019-06-18T07:11:51Z" finished-at="2019-06-18T07:11:53Z">
          <reporter-output>
          </reporter-output>
        </test-method> <!-- datadriven -->
      </class> <!-- DataDriven1 -->
    </test> <!-- Default test -->
  </suite> <!-- Default suite -->
</testng-results>
